<?xml version="1.0" encoding="UTF-8"?>
<!-- Generated by org.testng.reporters.JUnitXMLReporter -->
<testsuite hostname="Sproutlogix" ignored="0" name="yahoo app test" tests="2" failures="1" timestamp="2019-12-16T09:00:49 IST" time="0.181" errors="0">
  <testcase name="testcaseone" time="0.0" classname="pack.Paramet1">
    <failure type="org.testng.TestNGException" message="
Parameter &amp;apos;browser&amp;apos; is required by @Test on method testcaseone but has not been marked @Optional or defined
in C:\Users\Rani\eclipse-workspace\Dev\src\annotationparameters\src\Testparameters.xml">
      <![CDATA[org.testng.TestNGException: 
Parameter 'browser' is required by @Test on method testcaseone but has not been marked @Optional or defined
in C:\Users\Rani\eclipse-workspace\Dev\src\annotationparameters\src\Testparameters.xml
at java.util.ArrayList.forEach(Unknown Source)
... Removed 26 stack frames]]>
    </failure>
  </testcase> <!-- testcaseone -->
  <testcase name="Pa" time="0.032" classname="pack.Paramet2"/>
</testsuite> <!-- yahoo app test -->
